2024-07-07 11:20:38 [main] INFO  c.m.d.t.t.k.s.TwitterToKafkaServiceApplication - Starting TwitterToKafkaServiceApplication on LAPTOP-G1L7NH1I with PID 1492 (C:\Users\Enes Yağız Yılmaz\IdeaProjects\microservices-demo\twitter-to-kafka-service\target\classes started by Enes Yağız Yılmaz in C:\Users\Enes Yağız Yılmaz\IdeaProjects\microservices-demo)
2024-07-07 11:20:38 [main] INFO  c.m.d.t.t.k.s.TwitterToKafkaServiceApplication - No active profile set, falling back to default profiles: default
2024-07-07 11:20:39 [main] INFO  c.m.d.t.t.k.s.TwitterToKafkaServiceApplication - Started TwitterToKafkaServiceApplication in 0.741 seconds (JVM running for 1.402)
2024-07-07 11:20:39 [main] INFO  c.m.d.t.t.k.s.TwitterToKafkaServiceApplication - Application started
2024-07-07 11:20:39 [main] INFO  c.m.d.t.t.k.s.TwitterToKafkaServiceApplication - [Java, Microservices, Spring, Kafka, Elasticsearch]
2024-07-07 11:20:39 [main] INFO  c.m.d.t.t.k.s.TwitterToKafkaServiceApplication - Hello microservices!
2024-07-07 11:30:36 [main] INFO  c.m.d.t.t.k.s.TwitterToKafkaServiceApplication - Starting TwitterToKafkaServiceApplication on LAPTOP-G1L7NH1I with PID 16720 (C:\Users\Enes Yağız Yılmaz\IdeaProjects\microservices-demo\twitter-to-kafka-service\target\classes started by Enes Yağız Yılmaz in C:\Users\Enes Yağız Yılmaz\IdeaProjects\microservices-demo)
2024-07-07 11:30:36 [main] INFO  c.m.d.t.t.k.s.TwitterToKafkaServiceApplication - No active profile set, falling back to default profiles: default
2024-07-07 11:30:37 [main] INFO  c.m.d.t.t.k.s.TwitterToKafkaServiceApplication - Started TwitterToKafkaServiceApplication in 0.689 seconds (JVM running for 1.376)
2024-07-07 11:30:37 [main] INFO  c.m.d.t.t.k.s.TwitterToKafkaServiceApplication - Application started
2024-07-07 11:30:37 [main] INFO  c.m.d.t.t.k.s.TwitterToKafkaServiceApplication - [Java, Microservices, Spring, Kafka, Elasticsearch]
2024-07-07 11:30:37 [main] INFO  c.m.d.t.t.k.s.TwitterToKafkaServiceApplication - Hello microservices!
2024-07-07 11:31:30 [main] INFO  c.m.d.t.t.k.s.TwitterToKafkaServiceApplication - Starting TwitterToKafkaServiceApplication on LAPTOP-G1L7NH1I with PID 7684 (C:\Users\Enes Yağız Yılmaz\IdeaProjects\microservices-demo\twitter-to-kafka-service\target\classes started by Enes Yağız Yılmaz in C:\Users\Enes Yağız Yılmaz\IdeaProjects\microservices-demo)
2024-07-07 11:31:30 [main] INFO  c.m.d.t.t.k.s.TwitterToKafkaServiceApplication - No active profile set, falling back to default profiles: default
2024-07-07 11:31:30 [main] INFO  c.m.d.t.t.k.s.TwitterToKafkaServiceApplication - Started TwitterToKafkaServiceApplication in 0.666 seconds (JVM running for 1.311)
2024-07-07 11:31:30 [main] INFO  c.m.d.t.t.k.s.TwitterToKafkaServiceApplication - Application started
2024-07-07 11:31:30 [main] INFO  c.m.d.t.t.k.s.TwitterToKafkaServiceApplication - [Java, Microservices, Spring, Kafka, Elasticsearch]
2024-07-07 11:31:30 [main] INFO  c.m.d.t.t.k.s.TwitterToKafkaServiceApplication - Hello microservices!
2024-07-07 11:33:45 [main] INFO  c.m.d.t.t.k.s.TwitterToKafkaServiceApplication - Starting TwitterToKafkaServiceApplication on LAPTOP-G1L7NH1I with PID 22992 (C:\Users\Enes Yağız Yılmaz\IdeaProjects\microservices-demo\twitter-to-kafka-service\target\classes started by Enes Yağız Yılmaz in C:\Users\Enes Yağız Yılmaz\IdeaProjects\microservices-demo)
2024-07-07 11:33:45 [main] INFO  c.m.d.t.t.k.s.TwitterToKafkaServiceApplication - No active profile set, falling back to default profiles: default
2024-07-07 11:33:45 [main] INFO  c.m.d.t.t.k.s.TwitterToKafkaServiceApplication - Started TwitterToKafkaServiceApplication in 0.646 seconds (JVM running for 1.237)
2024-07-07 11:33:45 [main] INFO  c.m.d.t.t.k.s.TwitterToKafkaServiceApplication - App starts...
2024-07-07 11:33:45 [main] INFO  c.m.d.t.t.k.s.TwitterToKafkaServiceApplication - [Java, Microservices, Kafka, Elasticsearch]
2024-07-07 11:33:45 [main] INFO  c.m.d.t.t.k.s.TwitterToKafkaServiceApplication - Hello microservices!
2024-07-07 11:33:45 [main] INFO  c.m.d.t.t.k.s.r.i.MockKafkaStreamRunner - Starting mock filtering twitter streams for keywords [Java, Microservices, Kafka, Elasticsearch]
2024-07-07 11:33:45 [pool-1-thread-1] INFO  c.m.d.t.t.k.s.l.TwitterKafkaStatusListener - Twitter status with text congue ultricies malesuada ultricies Kafka malesuada ultricies
2024-07-07 11:33:55 [pool-1-thread-1] INFO  c.m.d.t.t.k.s.l.TwitterKafkaStatusListener - Twitter status with text pulvinar dolor purus malesuada sit pulvinar malesuada purus Kafka consectetuer dolor Fusce malesuada adipiscing amet
2024-07-07 11:34:05 [pool-1-thread-1] INFO  c.m.d.t.t.k.s.l.TwitterKafkaStatusListener - Twitter status with text porttitor congue consectetuer dolor Microservices consectetuer dolor
2024-07-07 11:34:15 [pool-1-thread-1] INFO  c.m.d.t.t.k.s.l.TwitterKafkaStatusListener - Twitter status with text elit ultricies Lorem pulvinar Microservices adipiscing purus
2024-07-07 11:34:25 [pool-1-thread-1] INFO  c.m.d.t.t.k.s.l.TwitterKafkaStatusListener - Twitter status with text sit sed ipsum libero consectetuer Kafka adipiscing congue amet
2024-07-07 11:34:35 [pool-1-thread-1] INFO  c.m.d.t.t.k.s.l.TwitterKafkaStatusListener - Twitter status with text posuere dolor massa lectus elit consectetuer dolor Kafka Lorem purus dolor libero Lorem Fusce
2024-07-07 11:34:45 [pool-1-thread-1] INFO  c.m.d.t.t.k.s.l.TwitterKafkaStatusListener - Twitter status with text Fusce pulvinar ultricies purus Kafka dolor ipsum Lorem
2024-07-07 11:35:00 [main] INFO  c.m.d.t.t.k.s.TwitterToKafkaServiceApplication - Starting TwitterToKafkaServiceApplication on LAPTOP-G1L7NH1I with PID 26676 (C:\Users\Enes Yağız Yılmaz\IdeaProjects\microservices-demo\twitter-to-kafka-service\target\classes started by Enes Yağız Yılmaz in C:\Users\Enes Yağız Yılmaz\IdeaProjects\microservices-demo)
2024-07-07 11:35:00 [main] INFO  c.m.d.t.t.k.s.TwitterToKafkaServiceApplication - No active profile set, falling back to default profiles: default
2024-07-07 11:35:00 [main] INFO  c.m.d.t.t.k.s.TwitterToKafkaServiceApplication - Started TwitterToKafkaServiceApplication in 0.655 seconds (JVM running for 1.272)
2024-07-07 11:35:00 [main] INFO  c.m.d.t.t.k.s.TwitterToKafkaServiceApplication - App starts...
2024-07-07 11:35:00 [main] INFO  c.m.d.t.t.k.s.TwitterToKafkaServiceApplication - [Java, Microservices, Kafka, Elasticsearch]
2024-07-07 11:35:00 [main] INFO  c.m.d.t.t.k.s.TwitterToKafkaServiceApplication - Hello microservices!
2024-07-07 11:35:00 [Twitter Stream consumer /  [1][initializing]] INFO  twitter4j.TwitterStreamImpl - Establishing connection.
2024-07-07 11:35:00 [main] INFO  c.m.d.t.t.k.s.r.i.TwitterKafkaStreamRunner - Started filtering twitter stream for keywords [Java, Microservices, Kafka, Elasticsearch]
2024-07-07 11:35:01 [Twitter Stream consumer /  [1][Establishing connection]] INFO  twitter4j.TwitterStreamImpl - https://stream.twitter.com/1.1/statuses/filter.json
2024-07-07 11:35:01 [Twitter Stream consumer /  [1][Establishing connection]] INFO  twitter4j.TwitterStreamImpl - Waiting for 250 milliseconds
2024-07-07 11:35:01 [Twitter Stream consumer /  [1][Waiting for 250 milliseconds]] INFO  twitter4j.TwitterStreamImpl - Establishing connection.
2024-07-07 11:35:02 [Twitter Stream consumer /  [1][Establishing connection]] INFO  twitter4j.TwitterStreamImpl - https://stream.twitter.com/1.1/statuses/filter.json
2024-07-07 11:35:02 [Twitter Stream consumer /  [1][Establishing connection]] INFO  twitter4j.TwitterStreamImpl - Waiting for 500 milliseconds
2024-07-07 11:35:02 [Twitter Stream consumer /  [1][Waiting for 500 milliseconds]] INFO  twitter4j.TwitterStreamImpl - Establishing connection.
2024-07-07 11:35:02 [Twitter Stream consumer /  [1][Establishing connection]] INFO  twitter4j.TwitterStreamImpl - https://stream.twitter.com/1.1/statuses/filter.json
2024-07-07 11:35:02 [Twitter Stream consumer /  [1][Establishing connection]] INFO  twitter4j.TwitterStreamImpl - Waiting for 1000 milliseconds
2024-07-07 11:35:03 [Twitter Stream consumer /  [1][Waiting for 1000 milliseconds]] INFO  twitter4j.TwitterStreamImpl - Establishing connection.
2024-07-07 11:35:04 [Twitter Stream consumer /  [1][Establishing connection]] INFO  twitter4j.TwitterStreamImpl - https://stream.twitter.com/1.1/statuses/filter.json
2024-07-07 11:35:04 [Twitter Stream consumer /  [1][Establishing connection]] INFO  twitter4j.TwitterStreamImpl - Waiting for 2000 milliseconds
2024-07-07 11:35:06 [Twitter Stream consumer /  [1][Waiting for 2000 milliseconds]] INFO  twitter4j.TwitterStreamImpl - Establishing connection.
2024-07-07 11:35:06 [Twitter Stream consumer /  [1][Establishing connection]] INFO  twitter4j.TwitterStreamImpl - https://stream.twitter.com/1.1/statuses/filter.json
2024-07-07 11:35:06 [Twitter Stream consumer /  [1][Establishing connection]] INFO  twitter4j.TwitterStreamImpl - Waiting for 4000 milliseconds
2024-07-07 11:35:10 [Twitter Stream consumer /  [1][Waiting for 4000 milliseconds]] INFO  twitter4j.TwitterStreamImpl - Establishing connection.
2024-07-07 11:35:10 [Twitter Stream consumer /  [1][Establishing connection]] INFO  twitter4j.TwitterStreamImpl - https://stream.twitter.com/1.1/statuses/filter.json
2024-07-07 11:35:10 [Twitter Stream consumer /  [1][Establishing connection]] INFO  twitter4j.TwitterStreamImpl - Waiting for 8000 milliseconds
2024-07-07 11:35:11 [SpringContextShutdownHook] INFO  c.m.d.t.t.k.s.r.i.TwitterKafkaStreamRunner - Closing twitter stream!
2024-07-07 11:35:25 [main] INFO  c.m.d.t.t.k.s.TwitterToKafkaServiceApplication - Starting TwitterToKafkaServiceApplication on LAPTOP-G1L7NH1I with PID 8356 (C:\Users\Enes Yağız Yılmaz\IdeaProjects\microservices-demo\twitter-to-kafka-service\target\classes started by Enes Yağız Yılmaz in C:\Users\Enes Yağız Yılmaz\IdeaProjects\microservices-demo)
2024-07-07 11:35:25 [main] INFO  c.m.d.t.t.k.s.TwitterToKafkaServiceApplication - No active profile set, falling back to default profiles: default
2024-07-07 11:35:25 [main] INFO  c.m.d.t.t.k.s.TwitterToKafkaServiceApplication - Started TwitterToKafkaServiceApplication in 0.677 seconds (JVM running for 1.272)
2024-07-07 11:35:25 [main] INFO  c.m.d.t.t.k.s.TwitterToKafkaServiceApplication - App starts...
2024-07-07 11:35:25 [main] INFO  c.m.d.t.t.k.s.TwitterToKafkaServiceApplication - [Java, Microservices, Kafka, Elasticsearch]
2024-07-07 11:35:25 [main] INFO  c.m.d.t.t.k.s.TwitterToKafkaServiceApplication - Hello microservices!
2024-07-07 11:35:25 [main] INFO  c.m.d.t.t.k.s.r.i.MockKafkaStreamRunner - Starting mock filtering twitter streams for keywords [Java, Microservices, Kafka, Elasticsearch]
2024-07-07 11:35:25 [pool-1-thread-1] INFO  c.m.d.t.t.k.s.l.TwitterKafkaStatusListener - Twitter status with text malesuada Maecenas sit ultricies libero Microservices libero lectus pulvinar magna
2024-07-07 11:35:55 [main] INFO  c.m.d.t.t.k.s.TwitterToKafkaServiceApplication - Starting TwitterToKafkaServiceApplication on LAPTOP-G1L7NH1I with PID 20904 (C:\Users\Enes Yağız Yılmaz\IdeaProjects\microservices-demo\twitter-to-kafka-service\target\classes started by Enes Yağız Yılmaz in C:\Users\Enes Yağız Yılmaz\IdeaProjects\microservices-demo)
2024-07-07 11:35:55 [main] INFO  c.m.d.t.t.k.s.TwitterToKafkaServiceApplication - No active profile set, falling back to default profiles: default
2024-07-07 11:35:55 [main] INFO  c.m.d.t.t.k.s.TwitterToKafkaServiceApplication - Started TwitterToKafkaServiceApplication in 0.682 seconds (JVM running for 1.312)
2024-07-07 11:35:55 [main] INFO  c.m.d.t.t.k.s.TwitterToKafkaServiceApplication - App starts...
2024-07-07 11:35:55 [main] INFO  c.m.d.t.t.k.s.TwitterToKafkaServiceApplication - [Java, Microservices, Kafka, Elasticsearch]
2024-07-07 11:35:55 [main] INFO  c.m.d.t.t.k.s.TwitterToKafkaServiceApplication - Hello microservices!
2024-07-07 11:35:55 [main] INFO  c.m.d.t.t.k.s.r.i.MockKafkaStreamRunner - Starting mock filtering twitter streams for keywords [Java, Microservices, Kafka, Elasticsearch]
2024-07-07 11:35:55 [pool-1-thread-1] INFO  c.m.d.t.t.k.s.l.TwitterKafkaStatusListener - Twitter status with text adipiscing Fusce congue dolor Microservices ipsum malesuada
2024-07-07 11:36:05 [pool-1-thread-1] INFO  c.m.d.t.t.k.s.l.TwitterKafkaStatusListener - Twitter status with text adipiscing Maecenas ipsum purus Microservices ultricies dolor magna
2024-07-07 11:36:15 [pool-1-thread-1] INFO  c.m.d.t.t.k.s.l.TwitterKafkaStatusListener - Twitter status with text elit ipsum porttitor purus magna magna Elasticsearch amet massa purus Maecenas
2024-07-07 11:36:26 [pool-1-thread-1] INFO  c.m.d.t.t.k.s.l.TwitterKafkaStatusListener - Twitter status with text dolor amet dolor dolor posuere libero porttitor Java posuere malesuada sit adipiscing posuere amet
2024-07-07 11:36:36 [pool-1-thread-1] INFO  c.m.d.t.t.k.s.l.TwitterKafkaStatusListener - Twitter status with text lectus Lorem sed lectus Maecenas magna massa Elasticsearch libero magna sit ipsum Lorem
2024-07-07 11:36:46 [pool-1-thread-1] INFO  c.m.d.t.t.k.s.l.TwitterKafkaStatusListener - Twitter status with text ultricies dolor purus sit magna Java libero magna congue libero
2024-07-07 11:36:56 [pool-1-thread-1] INFO  c.m.d.t.t.k.s.l.TwitterKafkaStatusListener - Twitter status with text sed massa libero Elasticsearch congue pulvinar
2024-07-07 11:37:06 [pool-1-thread-1] INFO  c.m.d.t.t.k.s.l.TwitterKafkaStatusListener - Twitter status with text amet Fusce pulvinar dolor elit Fusce Microservices massa Lorem porttitor dolor malesuada
2024-07-07 11:37:16 [pool-1-thread-1] INFO  c.m.d.t.t.k.s.l.TwitterKafkaStatusListener - Twitter status with text libero adipiscing Maecenas lectus posuere adipiscing Microservices purus ultricies elit adipiscing posuere
2024-07-07 11:37:26 [pool-1-thread-1] INFO  c.m.d.t.t.k.s.l.TwitterKafkaStatusListener - Twitter status with text amet porttitor massa amet Microservices Fusce sit
2024-07-07 11:37:36 [pool-1-thread-1] INFO  c.m.d.t.t.k.s.l.TwitterKafkaStatusListener - Twitter status with text Fusce lectus adipiscing dolor consectetuer ultricies congue Java congue ipsum purus libero massa Fusce
2024-07-07 11:37:46 [pool-1-thread-1] INFO  c.m.d.t.t.k.s.l.TwitterKafkaStatusListener - Twitter status with text sed dolor congue porttitor Kafka magna ipsum
2024-07-07 11:37:56 [pool-1-thread-1] INFO  c.m.d.t.t.k.s.l.TwitterKafkaStatusListener - Twitter status with text Fusce massa elit amet Elasticsearch consectetuer amet
2024-07-07 11:38:06 [pool-1-thread-1] INFO  c.m.d.t.t.k.s.l.TwitterKafkaStatusListener - Twitter status with text sed purus congue Lorem sed Lorem ultricies Java sit consectetuer pulvinar lectus malesuada
2024-07-07 11:38:16 [pool-1-thread-1] INFO  c.m.d.t.t.k.s.l.TwitterKafkaStatusListener - Twitter status with text purus magna porttitor Maecenas lectus purus Maecenas Elasticsearch dolor adipiscing massa ipsum Fusce posuere
2024-07-07 11:38:26 [pool-1-thread-1] INFO  c.m.d.t.t.k.s.l.TwitterKafkaStatusListener - Twitter status with text consectetuer porttitor pulvinar malesuada adipiscing ipsum amet malesuada Microservices dolor Maecenas purus lectus pulvinar lectus amet
2024-07-07 11:38:36 [pool-1-thread-1] INFO  c.m.d.t.t.k.s.l.TwitterKafkaStatusListener - Twitter status with text consectetuer ultricies elit posuere ipsum Maecenas Java libero porttitor malesuada sed
2024-07-07 11:38:46 [pool-1-thread-1] INFO  c.m.d.t.t.k.s.l.TwitterKafkaStatusListener - Twitter status with text pulvinar pulvinar magna ultricies ultricies Maecenas Kafka libero malesuada magna ipsum Fusce
2024-07-07 11:38:56 [pool-1-thread-1] INFO  c.m.d.t.t.k.s.l.TwitterKafkaStatusListener - Twitter status with text elit adipiscing porttitor Java libero congue
2024-07-07 11:39:06 [pool-1-thread-1] INFO  c.m.d.t.t.k.s.l.TwitterKafkaStatusListener - Twitter status with text sed Lorem congue massa malesuada consectetuer sit magna Microservices lectus congue magna massa malesuada ipsum
2024-07-07 11:39:16 [pool-1-thread-1] INFO  c.m.d.t.t.k.s.l.TwitterKafkaStatusListener - Twitter status with text magna pulvinar posuere amet sed amet adipiscing Elasticsearch ipsum libero adipiscing ultricies Fusce ultricies
2024-07-07 11:39:26 [pool-1-thread-1] INFO  c.m.d.t.t.k.s.l.TwitterKafkaStatusListener - Twitter status with text pulvinar adipiscing consectetuer consectetuer sed libero pulvinar libero Elasticsearch pulvinar magna dolor porttitor purus purus dolor
2024-07-07 11:39:36 [pool-1-thread-1] INFO  c.m.d.t.t.k.s.l.TwitterKafkaStatusListener - Twitter status with text posuere malesuada pulvinar Kafka porttitor porttitor
2024-07-07 11:39:46 [pool-1-thread-1] INFO  c.m.d.t.t.k.s.l.TwitterKafkaStatusListener - Twitter status with text congue congue adipiscing adipiscing Elasticsearch sit Fusce
2024-07-07 11:39:56 [pool-1-thread-1] INFO  c.m.d.t.t.k.s.l.TwitterKafkaStatusListener - Twitter status with text lectus ipsum elit purus elit Elasticsearch Maecenas purus elit
2024-07-07 11:40:06 [pool-1-thread-1] INFO  c.m.d.t.t.k.s.l.TwitterKafkaStatusListener - Twitter status with text ultricies sed posuere ultricies ipsum posuere amet lectus Microservices ultricies pulvinar purus posuere adipiscing dolor amet
2024-07-07 11:40:16 [pool-1-thread-1] INFO  c.m.d.t.t.k.s.l.TwitterKafkaStatusListener - Twitter status with text malesuada adipiscing porttitor massa elit Lorem Elasticsearch ipsum elit libero magna
2024-07-07 11:40:26 [pool-1-thread-1] INFO  c.m.d.t.t.k.s.l.TwitterKafkaStatusListener - Twitter status with text elit sed dolor Elasticsearch Lorem elit
2024-07-07 11:40:36 [pool-1-thread-1] INFO  c.m.d.t.t.k.s.l.TwitterKafkaStatusListener - Twitter status with text Maecenas ultricies elit ultricies amet congue lectus Microservices massa sit lectus porttitor ipsum ultricies
2024-07-07 11:40:46 [pool-1-thread-1] INFO  c.m.d.t.t.k.s.l.TwitterKafkaStatusListener - Twitter status with text Lorem libero porttitor adipiscing adipiscing consectetuer sed Lorem Microservices pulvinar massa lectus pulvinar Lorem libero libero
2024-07-07 11:40:56 [pool-1-thread-1] INFO  c.m.d.t.t.k.s.l.TwitterKafkaStatusListener - Twitter status with text sit sed lectus Lorem elit amet pulvinar Elasticsearch adipiscing posuere magna ultricies Fusce dolor
2024-07-07 11:41:06 [pool-1-thread-1] INFO  c.m.d.t.t.k.s.l.TwitterKafkaStatusListener - Twitter status with text pulvinar consectetuer ipsum congue purus Kafka dolor Maecenas pulvinar dolor
2024-07-07 11:41:16 [pool-1-thread-1] INFO  c.m.d.t.t.k.s.l.TwitterKafkaStatusListener - Twitter status with text dolor sit adipiscing Maecenas purus Kafka posuere lectus consectetuer
2024-07-07 11:41:26 [pool-1-thread-1] INFO  c.m.d.t.t.k.s.l.TwitterKafkaStatusListener - Twitter status with text porttitor massa amet magna purus malesuada Microservices lectus magna magna dolor
2024-07-07 11:41:36 [pool-1-thread-1] INFO  c.m.d.t.t.k.s.l.TwitterKafkaStatusListener - Twitter status with text lectus Fusce magna ipsum malesuada malesuada ipsum Java malesuada ultricies ipsum adipiscing posuere adipiscing
2024-07-07 11:41:46 [pool-1-thread-1] INFO  c.m.d.t.t.k.s.l.TwitterKafkaStatusListener - Twitter status with text porttitor sit ipsum Maecenas posuere Microservices Maecenas libero ultricies malesuada
2024-07-07 11:41:56 [pool-1-thread-1] INFO  c.m.d.t.t.k.s.l.TwitterKafkaStatusListener - Twitter status with text massa porttitor Lorem pulvinar purus porttitor malesuada sit Microservices lectus posuere magna lectus dolor ultricies congue
2024-07-07 11:42:06 [pool-1-thread-1] INFO  c.m.d.t.t.k.s.l.TwitterKafkaStatusListener - Twitter status with text dolor dolor congue porttitor posuere dolor Java magna amet libero pulvinar magna
2024-07-07 11:42:16 [pool-1-thread-1] INFO  c.m.d.t.t.k.s.l.TwitterKafkaStatusListener - Twitter status with text amet posuere congue Microservices dolor ultricies
2024-07-07 11:42:26 [pool-1-thread-1] INFO  c.m.d.t.t.k.s.l.TwitterKafkaStatusListener - Twitter status with text malesuada purus porttitor adipiscing Lorem congue Kafka amet ipsum adipiscing ultricies
2024-07-07 11:42:36 [main] INFO  c.m.d.t.t.k.s.TwitterToKafkaServiceApplication - Starting TwitterToKafkaServiceApplication on LAPTOP-G1L7NH1I with PID 9440 (C:\Users\Enes Yağız Yılmaz\IdeaProjects\microservices-demo\twitter-to-kafka-service\target\classes started by Enes Yağız Yılmaz in C:\Users\Enes Yağız Yılmaz\IdeaProjects\microservices-demo)
2024-07-07 11:42:36 [main] INFO  c.m.d.t.t.k.s.TwitterToKafkaServiceApplication - No active profile set, falling back to default profiles: default
2024-07-07 11:42:36 [main] INFO  c.m.d.t.t.k.s.TwitterToKafkaServiceApplication - Started TwitterToKafkaServiceApplication in 0.653 seconds (JVM running for 1.259)
2024-07-07 11:42:36 [main] INFO  c.m.d.t.t.k.s.TwitterToKafkaServiceApplication - App starts...
2024-07-07 11:42:36 [main] INFO  c.m.d.t.t.k.s.TwitterToKafkaServiceApplication - [Java, Microservices, Kafka, Elasticsearch]
2024-07-07 11:42:36 [main] INFO  c.m.d.t.t.k.s.TwitterToKafkaServiceApplication - Hello microservices!
2024-07-07 11:42:36 [main] INFO  c.m.d.t.t.k.s.r.i.MockKafkaStreamRunner - Starting mock filtering twitter streams for keywords [Java, Microservices, Kafka, Elasticsearch]
2024-07-07 11:42:36 [pool-1-thread-1] INFO  c.m.d.t.t.k.s.l.TwitterKafkaStatusListener - Twitter status with text anan Maecenas magna consectetuer adipiscing Maecenas Kafka porttitor posuere adipiscing
2024-07-07 11:42:46 [pool-1-thread-1] INFO  c.m.d.t.t.k.s.l.TwitterKafkaStatusListener - Twitter status with text anan lectus Lorem amet libero Microservices elit dolor sit
2024-07-07 11:42:56 [pool-1-thread-1] INFO  c.m.d.t.t.k.s.l.TwitterKafkaStatusListener - Twitter status with text anan Maecenas massa amet malesuada elit sed ipsum Kafka consectetuer posuere consectetuer sed ipsum lectus
2024-07-07 11:43:06 [pool-1-thread-1] INFO  c.m.d.t.t.k.s.l.TwitterKafkaStatusListener - Twitter status with text anan porttitor posuere congue purus posuere Lorem ultricies Kafka ultricies malesuada ipsum libero amet purus
2024-07-07 15:35:43 [main] INFO  c.m.d.t.t.k.s.TwitterToKafkaServiceApplication - Starting TwitterToKafkaServiceApplication on LAPTOP-G1L7NH1I with PID 29356 (C:\Users\Enes Yağız Yılmaz\IdeaProjects\microservices-demo\twitter-to-kafka-service\target\classes started by Enes Yağız Yılmaz in C:\Users\Enes Yağız Yılmaz\IdeaProjects\microservices-demo)
2024-07-07 15:35:43 [main] INFO  c.m.d.t.t.k.s.TwitterToKafkaServiceApplication - No active profile set, falling back to default profiles: default
2024-07-07 15:35:44 [main] INFO  c.m.d.t.t.k.s.TwitterToKafkaServiceApplication - Started TwitterToKafkaServiceApplication in 0.75 seconds (JVM running for 1.402)
2024-07-07 15:35:44 [main] INFO  c.m.d.t.t.k.s.TwitterToKafkaServiceApplication - App starts...
2024-07-07 15:35:44 [main] INFO  c.m.d.t.t.k.s.TwitterToKafkaServiceApplication - [Java, Microservices, Kafka, Elasticsearch]
2024-07-07 15:35:44 [main] INFO  c.m.d.t.t.k.s.TwitterToKafkaServiceApplication - Hello microservices!
2024-07-07 15:35:44 [main] INFO  c.m.d.t.t.k.s.r.i.MockKafkaStreamRunner - Starting mock filtering twitter streams for keywords [Java, Microservices, Kafka, Elasticsearch]
2024-07-07 15:35:44 [pool-1-thread-1] INFO  c.m.d.t.t.k.s.l.TwitterKafkaStatusListener - Twitter status with text congue purus congue posuere elit massa elit Microservices Maecenas dolor porttitor magna posuere
2024-07-07 15:35:54 [pool-1-thread-1] INFO  c.m.d.t.t.k.s.l.TwitterKafkaStatusListener - Twitter status with text sed massa Fusce posuere sit posuere Kafka pulvinar malesuada congue posuere
2024-07-07 15:36:04 [pool-1-thread-1] INFO  c.m.d.t.t.k.s.l.TwitterKafkaStatusListener - Twitter status with text posuere ipsum libero Maecenas dolor lectus dolor Kafka sit sit Lorem sit elit magna
2024-07-07 15:36:14 [pool-1-thread-1] INFO  c.m.d.t.t.k.s.l.TwitterKafkaStatusListener - Twitter status with text malesuada amet pulvinar adipiscing massa consectetuer congue Java amet amet Lorem lectus purus
2024-07-07 15:36:24 [pool-1-thread-1] INFO  c.m.d.t.t.k.s.l.TwitterKafkaStatusListener - Twitter status with text pulvinar malesuada Maecenas consectetuer sed libero Java sit dolor lectus ipsum
2024-07-07 15:36:34 [pool-1-thread-1] INFO  c.m.d.t.t.k.s.l.TwitterKafkaStatusListener - Twitter status with text Maecenas libero massa purus consectetuer Kafka congue massa ipsum
2024-07-07 15:36:44 [pool-1-thread-1] INFO  c.m.d.t.t.k.s.l.TwitterKafkaStatusListener - Twitter status with text amet adipiscing sit amet sed porttitor magna Kafka consectetuer ipsum Maecenas lectus ultricies
2024-07-07 15:36:54 [pool-1-thread-1] INFO  c.m.d.t.t.k.s.l.TwitterKafkaStatusListener - Twitter status with text elit magna elit amet magna Kafka consectetuer dolor sed lectus
2024-07-07 15:37:04 [pool-1-thread-1] INFO  c.m.d.t.t.k.s.l.TwitterKafkaStatusListener - Twitter status with text sit posuere ipsum Lorem malesuada Kafka ultricies malesuada malesuada malesuada
2024-07-07 15:37:14 [pool-1-thread-1] INFO  c.m.d.t.t.k.s.l.TwitterKafkaStatusListener - Twitter status with text lectus massa libero massa adipiscing purus magna Elasticsearch Fusce sed lectus massa sit
2024-07-07 15:37:24 [pool-1-thread-1] INFO  c.m.d.t.t.k.s.l.TwitterKafkaStatusListener - Twitter status with text lectus posuere ultricies posuere Java porttitor adipiscing posuere
2024-07-07 15:37:34 [pool-1-thread-1] INFO  c.m.d.t.t.k.s.l.TwitterKafkaStatusListener - Twitter status with text Lorem dolor massa lectus amet Java adipiscing consectetuer sed
2024-07-07 15:37:44 [pool-1-thread-1] INFO  c.m.d.t.t.k.s.l.TwitterKafkaStatusListener - Twitter status with text Fusce elit amet elit Fusce sit dolor Elasticsearch sit lectus libero congue dolor
2024-07-07 15:37:54 [pool-1-thread-1] INFO  c.m.d.t.t.k.s.l.TwitterKafkaStatusListener - Twitter status with text libero ipsum Maecenas dolor Elasticsearch malesuada magna
2024-07-07 15:38:04 [pool-1-thread-1] INFO  c.m.d.t.t.k.s.l.TwitterKafkaStatusListener - Twitter status with text dolor sed posuere porttitor congue libero purus Kafka porttitor Lorem dolor Lorem ultricies porttitor
2024-07-07 15:38:14 [pool-1-thread-1] INFO  c.m.d.t.t.k.s.l.TwitterKafkaStatusListener - Twitter status with text Fusce amet ultricies adipiscing Maecenas Elasticsearch malesuada adipiscing Lorem
2024-07-07 15:38:24 [pool-1-thread-1] INFO  c.m.d.t.t.k.s.l.TwitterKafkaStatusListener - Twitter status with text lectus Fusce porttitor amet malesuada libero Java sed elit Lorem Fusce consectetuer
2024-07-07 15:38:34 [pool-1-thread-1] INFO  c.m.d.t.t.k.s.l.TwitterKafkaStatusListener - Twitter status with text dolor elit pulvinar Fusce Elasticsearch purus malesuada congue
2024-07-07 15:38:44 [pool-1-thread-1] INFO  c.m.d.t.t.k.s.l.TwitterKafkaStatusListener - Twitter status with text Lorem massa libero malesuada magna ultricies Kafka dolor dolor magna purus porttitor
2024-07-07 15:38:54 [pool-1-thread-1] INFO  c.m.d.t.t.k.s.l.TwitterKafkaStatusListener - Twitter status with text sed consectetuer posuere malesuada Java sed adipiscing
2024-07-07 15:39:04 [pool-1-thread-1] INFO  c.m.d.t.t.k.s.l.TwitterKafkaStatusListener - Twitter status with text magna libero elit Kafka elit amet
2024-07-07 15:39:14 [pool-1-thread-1] INFO  c.m.d.t.t.k.s.l.TwitterKafkaStatusListener - Twitter status with text elit Maecenas purus consectetuer lectus consectetuer ipsum sit Microservices porttitor Fusce magna Fusce adipiscing Maecenas
2024-07-07 15:39:24 [pool-1-thread-1] INFO  c.m.d.t.t.k.s.l.TwitterKafkaStatusListener - Twitter status with text malesuada libero consectetuer magna amet ultricies malesuada Kafka sed ultricies Fusce Lorem massa
2024-07-07 15:39:34 [pool-1-thread-1] INFO  c.m.d.t.t.k.s.l.TwitterKafkaStatusListener - Twitter status with text dolor adipiscing ultricies pulvinar porttitor Fusce Kafka purus sed dolor Fusce
2024-07-07 15:39:44 [pool-1-thread-1] INFO  c.m.d.t.t.k.s.l.TwitterKafkaStatusListener - Twitter status with text malesuada sit malesuada adipiscing consectetuer sed Elasticsearch consectetuer sed lectus sed
2024-07-07 15:39:54 [pool-1-thread-1] INFO  c.m.d.t.t.k.s.l.TwitterKafkaStatusListener - Twitter status with text adipiscing pulvinar sit purus sit ipsum lectus Java massa sit malesuada porttitor sit
2024-07-07 15:40:04 [pool-1-thread-1] INFO  c.m.d.t.t.k.s.l.TwitterKafkaStatusListener - Twitter status with text elit purus malesuada libero Maecenas lectus adipiscing Java ipsum posuere posuere posuere elit
2024-07-07 16:44:27 [main] INFO  c.m.d.t.t.k.s.TwitterToKafkaServiceApplication - Starting TwitterToKafkaServiceApplication on LAPTOP-G1L7NH1I with PID 19440 (C:\Users\Enes Yağız Yılmaz\IdeaProjects\microservices-demo\twitter-to-kafka-service\target\classes started by Enes Yağız Yılmaz in C:\Users\Enes Yağız Yılmaz\IdeaProjects\microservices-demo)
2024-07-07 16:44:27 [main] INFO  c.m.d.t.t.k.s.TwitterToKafkaServiceApplication - No active profile set, falling back to default profiles: default
2024-07-07 16:44:28 [main] INFO  c.m.d.t.t.k.s.TwitterToKafkaServiceApplication - Started TwitterToKafkaServiceApplication in 0.7 seconds (JVM running for 1.349)
2024-07-07 16:44:28 [main] INFO  c.m.d.t.t.k.s.TwitterToKafkaServiceApplication - App starts...
2024-07-07 16:44:28 [main] INFO  c.m.d.t.t.k.s.TwitterToKafkaServiceApplication - [Java, Microservices, Kafka, Elasticsearch]
2024-07-07 16:44:28 [main] INFO  c.m.d.t.t.k.s.TwitterToKafkaServiceApplication - Hello microservices!
2024-07-07 16:44:28 [main] INFO  c.m.d.t.t.k.s.r.i.MockKafkaStreamRunner - Starting mock filtering twitter streams for keywords [Java, Microservices, Kafka, Elasticsearch]
2024-07-07 16:44:28 [pool-1-thread-1] INFO  c.m.d.t.t.k.s.l.TwitterKafkaStatusListener - Twitter status with text porttitor adipiscing massa posuere posuere pulvinar pulvinar Elasticsearch lectus posuere consectetuer Lorem posuere
2024-07-07 16:44:38 [pool-1-thread-1] INFO  c.m.d.t.t.k.s.l.TwitterKafkaStatusListener - Twitter status with text dolor purus magna congue elit Microservices libero lectus pulvinar
2024-07-07 16:44:48 [pool-1-thread-1] INFO  c.m.d.t.t.k.s.l.TwitterKafkaStatusListener - Twitter status with text malesuada Fusce ultricies sed adipiscing Java massa ipsum massa ultricies
2024-07-07 16:44:58 [pool-1-thread-1] INFO  c.m.d.t.t.k.s.l.TwitterKafkaStatusListener - Twitter status with text libero Maecenas massa porttitor ultricies Elasticsearch pulvinar sed sit Maecenas
2024-07-07 16:45:08 [pool-1-thread-1] INFO  c.m.d.t.t.k.s.l.TwitterKafkaStatusListener - Twitter status with text ipsum libero adipiscing Fusce Elasticsearch massa libero
2024-07-07 16:45:18 [pool-1-thread-1] INFO  c.m.d.t.t.k.s.l.TwitterKafkaStatusListener - Twitter status with text posuere magna purus consectetuer adipiscing Elasticsearch sit Lorem elit sit
2024-07-07 16:45:28 [pool-1-thread-1] INFO  c.m.d.t.t.k.s.l.TwitterKafkaStatusListener - Twitter status with text malesuada ipsum amet Fusce magna porttitor Microservices sed lectus Lorem pulvinar
2024-07-07 16:45:38 [pool-1-thread-1] INFO  c.m.d.t.t.k.s.l.TwitterKafkaStatusListener - Twitter status with text sit posuere Fusce magna elit porttitor purus ipsum Elasticsearch massa purus porttitor massa sed purus magna
2024-07-07 16:45:48 [pool-1-thread-1] INFO  c.m.d.t.t.k.s.l.TwitterKafkaStatusListener - Twitter status with text pulvinar posuere malesuada dolor porttitor porttitor Microservices elit pulvinar malesuada consectetuer
2024-07-07 16:45:58 [pool-1-thread-1] INFO  c.m.d.t.t.k.s.l.TwitterKafkaStatusListener - Twitter status with text ultricies adipiscing libero magna magna libero consectetuer ultricies Java Lorem elit pulvinar sit dolor purus magna
2024-07-07 16:46:08 [pool-1-thread-1] INFO  c.m.d.t.t.k.s.l.TwitterKafkaStatusListener - Twitter status with text Maecenas adipiscing Lorem congue ipsum Maecenas amet Java adipiscing sit posuere congue ipsum purus
2024-07-07 16:46:18 [pool-1-thread-1] INFO  c.m.d.t.t.k.s.l.TwitterKafkaStatusListener - Twitter status with text pulvinar congue elit sed Elasticsearch magna Lorem
